<?xml version="1.0" encoding="UTF-8"?>
<!-- Generated by org.testng.reporters.JUnitXMLReporter -->
<testsuite ignored="0" hostname="BINTERNS-QA23L" failures="0" tests="9" name="Default test" time="31.481" errors="0" timestamp="2023-05-18T14:10:26 IST">
  <testcase classname="navbar_buttons.Electronics_moduletest" name="logoverify" time="1.183"/>
  <testcase classname="navbar_buttons.Electronics_moduletest" name="sort_item" time="3.175"/>
  <testcase classname="navbar_buttons.Electronics_moduletest" name="add_item1" time="5.018"/>
  <testcase classname="navbar_buttons.Electronics_moduletest" name="add_item2" time="3.991"/>
  <testcase classname="navbar_buttons.Electronics_moduletest" name="add_item3" time="4.575"/>
  <testcase classname="navbar_buttons.Electronics_moduletest" name="gotocart" time="3.6"/>
  <testcase classname="navbar_buttons.Electronics_moduletest" name="print_subtotal" time="1.064"/>
  <testcase classname="navbar_buttons.Electronics_moduletest" name="beauty_module" time="2.305"/>
  <testcase classname="navbar_buttons.Electronics_moduletest" name="gotocart1" time="2.716"/>
</testsuite> <!-- Default test -->
