<?xml version="1.0" encoding="UTF-8"?>
<testsuite xmlns:xsi="http://www.w3.org/2001/XMLSchema-instance" xsi:schemaLocation="https://maven.apache.org/surefire/maven-surefire-plugin/xsd/surefire-test-report.xsd" name="TestSuite" time="45.32" tests="9" errors="0" skipped="0" failures="2">
  <properties>
[...]
</properties>
  <testcase name="logoverify" classname="navbar_buttons.Electronics_moduletest" time="1.97"/>
  <testcase name="sort_item" classname="navbar_buttons.Electronics_moduletest" time="3.535"/>
  <testcase name="add_item1" classname="navbar_buttons.Electronics_moduletest" time="9.575"/>
  <testcase name="add_item2" classname="navbar_buttons.Electronics_moduletest" time="3.745"/>
  <testcase name="add_item3" classname="navbar_buttons.Electronics_moduletest" time="7.595">
    <failure message="element not interactable&#10;  (Session info: chrome=113.0.5672.94)&#10;Build info: version: &apos;4.8.2&apos;, revision: &apos;826dbfc730&apos;&#10;System info: os.name: &apos;Windows 10&apos;, os.arch: &apos;amd64&apos;, os.version: &apos;10.0&apos;, java.version: &apos;17.0.5&apos;&#10;Driver info: org.openqa.selenium.chrome.ChromeDriver&#10;Command: [287f96eee6b5b24fd039038cf6a7c6b9, clickElement {id=8C26CA865E98844D9341C07C0FC4B241_element_635}]&#10;Capabilities {acceptInsecureCerts: false, browserName: chrome, browserVersion: 113.0.5672.94, chrome: {chromedriverVersion: 113.0.5672.63 (0e1a4471d5ae..., userDataDir: C:\Users\skumari\AppData\Lo...}, goog:chromeOptions: {debuggerAddress: localhost:50112}, networkConnectionEnabled: false, pageLoadStrategy: normal, platformName: WINDOWS, proxy: Proxy(), se:cdp: ws://localhost:50112/devtoo..., se:cdpVersion: 113.0.5672.94, setWindowRect: true, strictFileInteractability: false, timeouts: {implicit: 0, pageLoad: 300000, script: 30000}, unhandledPromptBehavior: dismiss and notify, webauthn:extension:credBlob: true, webauthn:extension:largeBlob: true, webauthn:extension:minPinLength: true, webauthn:extension:prf: true, webauthn:virtualAuthenticators: true}&#10;Element: [[ChromeDriver: chrome on WINDOWS (287f96eee6b5b24fd039038cf6a7c6b9)] -&gt; xpath: //button[@type=&apos;button&apos; and text()=&apos; Skip &amp; Continue &apos;]]&#10;Session ID: 287f96eee6b5b24fd039038cf6a7c6b9" type="org.openqa.selenium.ElementNotInteractableException"><![CDATA[org.openqa.selenium.ElementNotInteractableException: 
element not interactable
  (Session info: chrome=113.0.5672.94)
Build info: version: '4.8.2', revision: '826dbfc730'
System info: os.name: 'Windows 10', os.arch: 'amd64', os.version: '10.0', java.version: '17.0.5'
Driver info: org.openqa.selenium.chrome.ChromeDriver
Command: [287f96eee6b5b24fd039038cf6a7c6b9, clickElement {id=8C26CA865E98844D9341C07C0FC4B241_element_635}]
Capabilities {acceptInsecureCerts: false, browserName: chrome, browserVersion: 113.0.5672.94, chrome: {chromedriverVersion: 113.0.5672.63 (0e1a4471d5ae..., userDataDir: C:\Users\skumari\AppData\Lo...}, goog:chromeOptions: {debuggerAddress: localhost:50112}, networkConnectionEnabled: false, pageLoadStrategy: normal, platformName: WINDOWS, proxy: Proxy(), se:cdp: ws://localhost:50112/devtoo..., se:cdpVersion: 113.0.5672.94, setWindowRect: true, strictFileInteractability: false, timeouts: {implicit: 0, pageLoad: 300000, script: 30000}, unhandledPromptBehavior: dismiss and notify, webauthn:extension:credBlob: true, webauthn:extension:largeBlob: true, webauthn:extension:minPinLength: true, webauthn:extension:prf: true, webauthn:virtualAuthenticators: true}
Element: [[ChromeDriver: chrome on WINDOWS (287f96eee6b5b24fd039038cf6a7c6b9)] -> xpath: //button[@type='button' and text()=' Skip & Continue ']]
Session ID: 287f96eee6b5b24fd039038cf6a7c6b9
	at navbar_buttons.Electronics_moduletest.add_item3(Electronics_moduletest.java:75)
]]></failure>
  </testcase>
  <testcase name="gotocart" classname="navbar_buttons.Electronics_moduletest" time="3.199"/>
  <testcase name="print_subtotal" classname="navbar_buttons.Electronics_moduletest" time="2.047">
    <failure message="expected [JioMart: India&apos;s online shopping destination] but found [JioMart Electronic Online Shopping]" type="java.lang.AssertionError">java.lang.AssertionError: expected [JioMart: India's online shopping destination] but found [JioMart Electronic Online Shopping]
	at navbar_buttons.Electronics_moduletest.print_subtotal(Electronics_moduletest.java:91)
</failure>
    <system-out><![CDATA[sub total of all items : 1
Your Cart
2
Order Review
3
Payment























Apply Coupon
View All
Login to see best offers & promotions
Login
Payment Details
MRP Total
?48,795.00
Product Discount
- ?7,758.00
Delivery Fee
FREE  ?40.00
Total
?41,037.00
You Saved ?7,758.00
Place Order
]]></system-out>
  </testcase>
  <testcase name="beauty_module" classname="navbar_buttons.Electronics_moduletest" time="2.846"/>
  <testcase name="gotocart1" classname="navbar_buttons.Electronics_moduletest" time="3.478"/>
</testsuite>